Using pre-set license
Built from '2020.3/staging' branch; Version is '2020.3.9f1 (108be757e447) revision 1084391'; Using compiler version '192528614'; Build Type 'Release'
OS: 'Windows 10 Home; OS build 19042.1110; Version 2009; 64bit' Language: 'en' Physical Memory: 12286 MB
BatchMode: 1, IsHumanControllingUs: 0, StartBugReporterOnCrash: 0, Is64bit: 1, IsPro: 0

 COMMAND LINE ARGUMENTS:
C:\Program Files\Unity\Hub\Editor\2020.3.9f1\Editor\Unity.exe
-adb2
-batchMode
-noUpm
-name
AssetImportWorker0
-projectPath
D:/Unity Course/Villa Romana Casale Room 14
-logFile
Logs/AssetImportWorker0.log
-srvPort
58063
Successfully changed project path to: D:/Unity Course/Villa Romana Casale Room 14
D:/Unity Course/Villa Romana Casale Room 14
Using Asset Import Pipeline V2.
Refreshing native plugins compatible for Editor in 69.84 ms, found 3 plugins.
Preloading 1 native plugins for Editor in 2.95 ms.
Initialize engine version: 2020.3.9f1 (108be757e447)
[Subsystems] Discovering subsystems at path C:/Program Files/Unity/Hub/Editor/2020.3.9f1/Editor/Data/Resources/UnitySubsystems
[Subsystems] Discovering subsystems at path D:/Unity Course/Villa Romana Casale Room 14/Assets
GfxDevice: creating device client; threaded=0
Direct3D:
    Version:  Direct3D 11.0 [level 11.1]
    Renderer: NVIDIA GeForce GTX 1080 (ID=0x1b80)
    Vendor:   
    VRAM:     8079 MB
    Driver:   27.21.14.5730
Shader 'Universal Render Pipeline/Particles/Lit': fallback shader 'Universal Render Pipeline/Particles/SimpleLit' not found
Initialize mono
Mono path[0] = 'C:/Program Files/Unity/Hub/Editor/2020.3.9f1/Editor/Data/Managed'
Mono path[1] = 'C:/Program Files/Unity/Hub/Editor/2020.3.9f1/Editor/Data/MonoBleedingEdge/lib/mono/unityjit'
Mono config path = 'C:/Program Files/Unity/Hub/Editor/2020.3.9f1/Editor/Data/MonoBleedingEdge/etc'
Using monoOptions --debugger-agent=transport=dt_socket,embedding=1,server=y,suspend=n,address=127.0.0.1:56444
Begin MonoManager ReloadAssembly
Registering precompiled unity dll's ...
Register platform support module: C:/Program Files/Unity/Hub/Editor/2020.3.9f1/Editor/Data/PlaybackEngines/MacStandaloneSupport/UnityEditor.OSXStandalone.Extensions.dll
Register platform support module: C:/Program Files/Unity/Hub/Editor/2020.3.9f1/Editor/Data/PlaybackEngines/WindowsStandaloneSupport/UnityEditor.WindowsStandalone.Extensions.dll
Registered in 0.009499 seconds.
Native extension for WindowsStandalone target not found
Native extension for OSXStandalone target not found
Refreshing native plugins compatible for Editor in 71.74 ms, found 3 plugins.
Preloading 1 native plugins for Editor in 0.10 ms.
Mono: successfully reloaded assembly
- Completed reload, in  4.801 seconds
Platform modules already initialized, skipping
Registering precompiled user dll's ...
Registered in 0.005268 seconds.
Begin MonoManager ReloadAssembly
Native extension for WindowsStandalone target not found
Native extension for OSXStandalone target not found
Refreshing native plugins compatible for Editor in 64.72 ms, found 3 plugins.
Preloading 1 native plugins for Editor in 0.09 ms.
[XR] OculusXRPlugin: registering subsystems
[XR] Unable to register display lifecyle provider: [1]
[XR] Oculus Input lifecycle provider registered.
[XR] Unable to register input lifecyle provider: [1]
NullReferenceException: Object reference not set to an instance of an object
  at Unity.XR.Oculus.OculusLoader.AssetPathToAbsolutePath (System.String assetPath) [0x00048] in D:\Unity Course\Villa Romana Casale Room 14\Library\PackageCache\com.unity.xr.oculus@1.9.0\Runtime\OculusLoader.cs:249 
  at Unity.XR.Oculus.OculusLoader.EditorLoadOVRPlugin () [0x0007b] in D:\Unity Course\Villa Romana Casale Room 14\Library\PackageCache\com.unity.xr.oculus@1.9.0\Runtime\OculusLoader.cs:234 

(Filename: Library/PackageCache/com.unity.xr.oculus@1.9.0/Runtime/OculusLoader.cs Line: 249)

Mono: successfully reloaded assembly
- Completed reload, in  1.680 seconds
Platform modules already initialized, skipping
========================================================================
Worker process is ready to serve import requests
Shader 'Universal Render Pipeline/Particles/Lit': fallback shader 'Universal Render Pipeline/Particles/SimpleLit' not found
Launched and connected shader compiler UnityShaderCompiler.exe after 0.07 seconds
Refreshing native plugins compatible for Editor in 0.74 ms, found 3 plugins.
Preloading 1 native plugins for Editor in 0.08 ms.
Unloading 2538 Unused Serialized files (Serialized files now loaded: 0)
System memory in use before: 118.8 MB.
System memory in use after: 118.9 MB.

Unloading 13 unused Assets to reduce memory usage. Loaded Objects now: 2989.
Total: 3.375500 ms (FindLiveObjects: 0.430000 ms CreateObjectMapping: 0.181400 ms MarkObjects: 2.667300 ms  DeleteObjects: 0.095000 ms)

========================================================================
Received Import Request.
  path: Assets/TextMesh Pro/Resources/Fonts & Materials/LiberationSans SDF - Drop Shadow.mat
  artifactKey: Guid(e73a58f6e2794ae7b1b7e50b7fb811b0) Importer(815301076,1909f56bfc062723c751e8b465ee728b)
Start importing Assets/TextMesh Pro/Resources/Fonts & Materials/LiberationSans SDF - Drop Shadow.mat using Guid(e73a58f6e2794ae7b1b7e50b7fb811b0) Importer(815301076,1909f56bfc062723c751e8b465ee728b)  -> (artifact id: '0077fc94722d68833579e62601b20f05') in 0.483348 seconds
  Import took 0.489378 seconds .

========================================================================
Received Import Request.
  Time since last request: 0.003932 seconds.
  path: Assets/VR180 Hemisphere/Models/180Hemisphere.fbx
  artifactKey: Guid(ea22e92f19e763e4f90f65d09a03d6c3) Importer(815301076,1909f56bfc062723c751e8b465ee728b)
Start importing Assets/VR180 Hemisphere/Models/180Hemisphere.fbx using Guid(ea22e92f19e763e4f90f65d09a03d6c3) Importer(815301076,1909f56bfc062723c751e8b465ee728b)  -> (artifact id: '95d69e60b4279efe399ca8a6a02d8ffc') in 1.129011 seconds
  Import took 1.134474 seconds .

========================================================================
Received Import Request.
  Time since last request: 0.004943 seconds.
  path: Assets/VR180 Hemisphere/Materials/m_RestaurantWalls_baseColor_16.png
  artifactKey: Guid(0c3da56a3ff5f154aae6f1f5eba8ca4f) Importer(815301076,1909f56bfc062723c751e8b465ee728b)
Start importing Assets/VR180 Hemisphere/Materials/m_RestaurantWalls_baseColor_16.png using Guid(0c3da56a3ff5f154aae6f1f5eba8ca4f) Importer(815301076,1909f56bfc062723c751e8b465ee728b)  -> (artifact id: '745ab8dcb82da51f4019c368da3b4dce') in 0.027098 seconds
  Import took 0.032801 seconds .

========================================================================
Received Import Request.
  Time since last request: 0.011502 seconds.
  path: Assets/VR180 Hemisphere/Materials/Ocelot.PNG
  artifactKey: Guid(0d32ae112d315e44b8f20de03b92b239) Importer(815301076,1909f56bfc062723c751e8b465ee728b)
Start importing Assets/VR180 Hemisphere/Materials/Ocelot.PNG using Guid(0d32ae112d315e44b8f20de03b92b239) Importer(815301076,1909f56bfc062723c751e8b465ee728b)  -> (artifact id: '3295f1c6fe0d4b6926927d73a0b61582') in 0.018146 seconds
  Import took 0.023854 seconds .

========================================================================
Received Import Request.
  Time since last request: 0.019468 seconds.
  path: Assets/TextMesh Pro/Resources/Shaders/TMPro_Surface.cginc
  artifactKey: Guid(d930090c0cd643c7b55f19a38538c162) Importer(815301076,1909f56bfc062723c751e8b465ee728b)
Start importing Assets/TextMesh Pro/Resources/Shaders/TMPro_Surface.cginc using Guid(d930090c0cd643c7b55f19a38538c162) Importer(815301076,1909f56bfc062723c751e8b465ee728b)  -> (artifact id: 'c281f97ffda529f9ee281372fd84ab99') in 0.023456 seconds
  Import took 0.029040 seconds .

========================================================================
Received Import Request.
  Time since last request: 0.014274 seconds.
  path: Assets/Import/Mosaic_Room_14,_Villa_Romana_del_Casale,_Sicily/meshes/_0_0.asset
  artifactKey: Guid(7a9bd4fe4881ba140a73993f9342d131) Importer(815301076,1909f56bfc062723c751e8b465ee728b)
Start importing Assets/Import/Mosaic_Room_14,_Villa_Romana_del_Casale,_Sicily/meshes/_0_0.asset using Guid(7a9bd4fe4881ba140a73993f9342d131) Importer(815301076,1909f56bfc062723c751e8b465ee728b)  -> (artifact id: 'e229dddda0a6cae2f8c2969c2fe47034') in 0.096285 seconds
  Import took 0.101892 seconds .

========================================================================
Received Import Request.
  Time since last request: 0.013314 seconds.
  path: Assets/TextMesh Pro/Resources/Shaders/TMP_SDF.shader
  artifactKey: Guid(68e6db2ebdc24f95958faec2be5558d6) Importer(815301076,1909f56bfc062723c751e8b465ee728b)
Start importing Assets/TextMesh Pro/Resources/Shaders/TMP_SDF.shader using Guid(68e6db2ebdc24f95958faec2be5558d6) Importer(815301076,1909f56bfc062723c751e8b465ee728b)  -> (artifact id: '23accc7bc5912bac4edecd408eb6249f') in 0.010293 seconds
  Import took 0.015654 seconds .

========================================================================
Received Import Request.
  Time since last request: 0.012223 seconds.
  path: Assets/Import/Mosaic_Room_29._Villa_Romana_del_Casale,_Sicily/meshes/_2_0.asset
  artifactKey: Guid(4f6e68fa89473df4494721f620bc6d0d) Importer(815301076,1909f56bfc062723c751e8b465ee728b)
Start importing Assets/Import/Mosaic_Room_29._Villa_Romana_del_Casale,_Sicily/meshes/_2_0.asset using Guid(4f6e68fa89473df4494721f620bc6d0d) Importer(815301076,1909f56bfc062723c751e8b465ee728b)  -> (artifact id: '078c7817039b95ac5dc91ab892bc1351') in 0.031471 seconds
  Import took 0.038797 seconds .

========================================================================
Received Import Request.
  Time since last request: 0.028677 seconds.
  path: Assets/TextMesh Pro/Resources/Shaders/TMP_SDF-Mobile.shader
  artifactKey: Guid(fe393ace9b354375a9cb14cdbbc28be4) Importer(815301076,1909f56bfc062723c751e8b465ee728b)
Start importing Assets/TextMesh Pro/Resources/Shaders/TMP_SDF-Mobile.shader using Guid(fe393ace9b354375a9cb14cdbbc28be4) Importer(815301076,1909f56bfc062723c751e8b465ee728b)  -> (artifact id: 'ab8e2c82a6d2738386a406f34fd59766') in 0.008281 seconds
  Import took 0.013703 seconds .

========================================================================
Received Import Request.
  Time since last request: 0.055483 seconds.
  path: Assets/textures/Default_OBJ_normal_1.png
  artifactKey: Guid(1bb1390c719dfa94f8fd623369f0d688) Importer(815301076,1909f56bfc062723c751e8b465ee728b)
Start importing Assets/textures/Default_OBJ_normal_1.png using Guid(1bb1390c719dfa94f8fd623369f0d688) Importer(815301076,1909f56bfc062723c751e8b465ee728b)  -> (artifact id: '7e34c0626debff55f372bb4e297d73ec') in 0.032708 seconds
  Import took 0.038250 seconds .

========================================================================
Received Import Request.
  Time since last request: 0.013350 seconds.
  path: Assets/Import/Mosaic_Room_14,_Villa_Romana_del_Casale,_Sicily/meshes/_1_0.asset
  artifactKey: Guid(6d0dd1b082448e14887d0d2766f9ff29) Importer(815301076,1909f56bfc062723c751e8b465ee728b)
Start importing Assets/Import/Mosaic_Room_14,_Villa_Romana_del_Casale,_Sicily/meshes/_1_0.asset using Guid(6d0dd1b082448e14887d0d2766f9ff29) Importer(815301076,1909f56bfc062723c751e8b465ee728b)  -> (artifact id: 'f9b502c5cf39563f2d23f8fff65c7858') in 0.058455 seconds
  Import took 0.064816 seconds .

========================================================================
Received Import Request.
  Time since last request: 0.003934 seconds.
  path: Assets/VR180 Hemisphere/Materials/Materials/Holes.mat
  artifactKey: Guid(1e058ed16bd596b4091de699a36d02c3) Importer(815301076,1909f56bfc062723c751e8b465ee728b)
Start importing Assets/VR180 Hemisphere/Materials/Materials/Holes.mat using Guid(1e058ed16bd596b4091de699a36d02c3) Importer(815301076,1909f56bfc062723c751e8b465ee728b)  -> (artifact id: '80ac00dacfedfb3f3f9c2a2a352e86e3') in 0.019432 seconds
  Import took 0.025147 seconds .

========================================================================
Received Import Request.
  Time since last request: 0.009927 seconds.
  path: Assets/TextMesh Pro/Resources/Shaders/TMP_Bitmap.shader
  artifactKey: Guid(128e987d567d4e2c824d754223b3f3b0) Importer(815301076,1909f56bfc062723c751e8b465ee728b)
Start importing Assets/TextMesh Pro/Resources/Shaders/TMP_Bitmap.shader using Guid(128e987d567d4e2c824d754223b3f3b0) Importer(815301076,1909f56bfc062723c751e8b465ee728b)  -> (artifact id: 'aadedc3f19457d621e78f28ae84e351b') in 0.008765 seconds
  Import took 0.015332 seconds .

========================================================================
Received Import Request.
  Time since last request: 0.009392 seconds.
  path: Assets/XR/XRGeneralSettings.asset
  artifactKey: Guid(ad159bd3c8898a8418751e58e47d7097) Importer(815301076,1909f56bfc062723c751e8b465ee728b)
Start importing Assets/XR/XRGeneralSettings.asset using Guid(ad159bd3c8898a8418751e58e47d7097) Importer(815301076,1909f56bfc062723c751e8b465ee728b)  -> (artifact id: '28d4e22fd8539aa559371df37cce8fa7') in 0.021492 seconds
  Import took 0.026808 seconds .

========================================================================
Received Import Request.
  Time since last request: 0.025766 seconds.
  path: Assets/TextMesh Pro/Resources/LineBreaking Following Characters.txt
  artifactKey: Guid(fade42e8bc714b018fac513c043d323b) Importer(815301076,1909f56bfc062723c751e8b465ee728b)
Start importing Assets/TextMesh Pro/Resources/LineBreaking Following Characters.txt using Guid(fade42e8bc714b018fac513c043d323b) Importer(815301076,1909f56bfc062723c751e8b465ee728b)  -> (artifact id: '489b524f85624f888e37cc2a1974f621') in 0.011905 seconds
  Import took 0.017491 seconds .

========================================================================
Received Import Request.
  Time since last request: 0.017252 seconds.
  path: Assets/Altspace/Export/template.unity
  artifactKey: Guid(62bd963e0776e214baa0882ce27304de) Importer(815301076,1909f56bfc062723c751e8b465ee728b)
Start importing Assets/Altspace/Export/template.unity using Guid(62bd963e0776e214baa0882ce27304de) Importer(815301076,1909f56bfc062723c751e8b465ee728b)  -> (artifact id: 'a00e88046838b591f0cdd638d4f410c4') in 0.008840 seconds
  Import took 0.014808 seconds .

========================================================================
Received Import Request.
  Time since last request: 0.017191 seconds.
  path: Assets/TextMesh Pro/Sprites/EmojiOne.json
  artifactKey: Guid(8f05276190cf498a8153f6cbe761d4e6) Importer(815301076,1909f56bfc062723c751e8b465ee728b)
Start importing Assets/TextMesh Pro/Sprites/EmojiOne.json using Guid(8f05276190cf498a8153f6cbe761d4e6) Importer(815301076,1909f56bfc062723c751e8b465ee728b)  -> (artifact id: 'b5fe112e404ce9030524bd02b3757e4f') in 0.014092 seconds
  Import took 0.019752 seconds .

========================================================================
Received Import Request.
  Time since last request: 0.024496 seconds.
  path: Assets/VR180 Hemisphere/Shaders/Unlit-Stereo.shader
  artifactKey: Guid(9164e87a81c4ec34d92a6bfebbd354fe) Importer(815301076,1909f56bfc062723c751e8b465ee728b)
Start importing Assets/VR180 Hemisphere/Shaders/Unlit-Stereo.shader using Guid(9164e87a81c4ec34d92a6bfebbd354fe) Importer(815301076,1909f56bfc062723c751e8b465ee728b)  -> (artifact id: 'ec3f5a00ddd0b69f15d8c2a8ebc957fc') in 0.008280 seconds
  Import took 0.013784 seconds .

========================================================================
Received Import Request.
  Time since last request: 0.027516 seconds.
  path: Assets/VR180 Hemisphere/Prefabs/Blank VR180.prefab
  artifactKey: Guid(6af4947006a9d8c4089494001d02a753) Importer(815301076,1909f56bfc062723c751e8b465ee728b)
Start importing Assets/VR180 Hemisphere/Prefabs/Blank VR180.prefab using Guid(6af4947006a9d8c4089494001d02a753) Importer(815301076,1909f56bfc062723c751e8b465ee728b)  -> (artifact id: '0394e638df6e46d47b529e2a752c6ac5') in 0.026662 seconds
  Import took 0.032370 seconds .

========================================================================
Received Import Request.
  Time since last request: 0.005026 seconds.
  path: Assets/VR180 Hemisphere/Materials/Blank VR180.mat
  artifactKey: Guid(9de8246be9bb2ce489146e117daf6712) Importer(815301076,1909f56bfc062723c751e8b465ee728b)
Start importing Assets/VR180 Hemisphere/Materials/Blank VR180.mat using Guid(9de8246be9bb2ce489146e117daf6712) Importer(815301076,1909f56bfc062723c751e8b465ee728b)  -> (artifact id: '83aae1f5d16a2aecd4c536331fbe57f6') in 0.021039 seconds
  Import took 0.027183 seconds .

========================================================================
Received Import Request.
  Time since last request: 0.006843 seconds.
  path: Assets/VR180 Hemisphere/Materials/Wide1.PNG
  artifactKey: Guid(c9b5b5817e4f4fd409da681d2532b3bf) Importer(815301076,1909f56bfc062723c751e8b465ee728b)
Start importing Assets/VR180 Hemisphere/Materials/Wide1.PNG using Guid(c9b5b5817e4f4fd409da681d2532b3bf) Importer(815301076,1909f56bfc062723c751e8b465ee728b)  -> (artifact id: '374aad4c48a2a51c143c16f5f0d00a3c') in 0.016814 seconds
  Import took 0.023064 seconds .

========================================================================
Received Import Request.
  Time since last request: 0.024776 seconds.
  path: Assets/VR180 Hemisphere/Materials/Capture.PNG
  artifactKey: Guid(578cc4d42af263e41aafc32791526f5f) Importer(815301076,1909f56bfc062723c751e8b465ee728b)
Start importing Assets/VR180 Hemisphere/Materials/Capture.PNG using Guid(578cc4d42af263e41aafc32791526f5f) Importer(815301076,1909f56bfc062723c751e8b465ee728b)  -> (artifact id: '0ac3c0cd02afc3e4c1ceaf62494001c7') in 0.016642 seconds
  Import took 0.021960 seconds .

========================================================================
Received Import Request.
  Time since last request: 0.016688 seconds.
  path: Assets/TextMesh Pro/Resources/Shaders/TMP_Bitmap-Custom-Atlas.shader
  artifactKey: Guid(48bb5f55d8670e349b6e614913f9d910) Importer(815301076,1909f56bfc062723c751e8b465ee728b)
Start importing Assets/TextMesh Pro/Resources/Shaders/TMP_Bitmap-Custom-Atlas.shader using Guid(48bb5f55d8670e349b6e614913f9d910) Importer(815301076,1909f56bfc062723c751e8b465ee728b)  -> (artifact id: 'f8e72a7af672e912e526cb94ab53c165') in 0.008991 seconds
  Import took 0.014630 seconds .

========================================================================
Received Import Request.
  Time since last request: 0.019913 seconds.
  path: Assets/TextMesh Pro/Resources/Shaders/TMP_SDF-Surface-Mobile.shader
  artifactKey: Guid(85187c2149c549c5b33f0cdb02836b17) Importer(815301076,1909f56bfc062723c751e8b465ee728b)
Start importing Assets/TextMesh Pro/Resources/Shaders/TMP_SDF-Surface-Mobile.shader using Guid(85187c2149c549c5b33f0cdb02836b17) Importer(815301076,1909f56bfc062723c751e8b465ee728b)  -> (artifact id: 'bb990afd37fe690fb3346eea152b73fb') in 0.008959 seconds
  Import took 0.014486 seconds .

========================================================================
Received Import Request.
  Time since last request: 0.009484 seconds.
  path: Assets/TextMesh Pro/Resources/Shaders/TMPro_Properties.cginc
  artifactKey: Guid(3997e2241185407d80309a82f9148466) Importer(815301076,1909f56bfc062723c751e8b465ee728b)
Start importing Assets/TextMesh Pro/Resources/Shaders/TMPro_Properties.cginc using Guid(3997e2241185407d80309a82f9148466) Importer(815301076,1909f56bfc062723c751e8b465ee728b)  -> (artifact id: 'e9f4e996370d44a57ddadac65764c848') in 0.009302 seconds
  Import took 0.014790 seconds .

========================================================================
Received Import Request.
  Time since last request: 0.003499 seconds.
  path: Assets/XR/Settings/Oculus Settings.asset
  artifactKey: Guid(7337c68395250414f81d12cd3f8abcf8) Importer(815301076,1909f56bfc062723c751e8b465ee728b)
Start importing Assets/XR/Settings/Oculus Settings.asset using Guid(7337c68395250414f81d12cd3f8abcf8) Importer(815301076,1909f56bfc062723c751e8b465ee728b)  -> (artifact id: 'ea68588ee21203fb8404faa2b3fe51db') in 0.009393 seconds
  Import took 0.014727 seconds .

========================================================================
Received Import Request.
  Time since last request: 0.017070 seconds.
  path: Assets/Import/Mosaic_Room_29._Villa_Romana_del_Casale,_Sicily/Mosaic_Room_29._Villa_Romana_del_Casale,_Sicily.prefab
  artifactKey: Guid(2edc33e8bacabf743a44fe5d18128d51) Importer(815301076,1909f56bfc062723c751e8b465ee728b)
Start importing Assets/Import/Mosaic_Room_29._Villa_Romana_del_Casale,_Sicily/Mosaic_Room_29._Villa_Romana_del_Casale,_Sicily.prefab using Guid(2edc33e8bacabf743a44fe5d18128d51) Importer(815301076,1909f56bfc062723c751e8b465ee728b)  -> (artifact id: '6f43fbb79a8707a032aa40f77466bcaf') in 0.478432 seconds
  Import took 0.484950 seconds .

========================================================================
Received Import Request.
  Time since last request: 0.003846 seconds.
  path: Assets/VR180 Hemisphere/Materials/Room 30.mat
  artifactKey: Guid(5ea25a32801e8ab4ba868bf46b3d27fd) Importer(815301076,1909f56bfc062723c751e8b465ee728b)
Start importing Assets/VR180 Hemisphere/Materials/Room 30.mat using Guid(5ea25a32801e8ab4ba868bf46b3d27fd) Importer(815301076,1909f56bfc062723c751e8b465ee728b)  -> (artifact id: '60c8743495d28ae64f1b2ec141c51993') in 0.019987 seconds
  Import took 0.026627 seconds .

========================================================================
Received Import Request.
  Time since last request: 0.014545 seconds.
  path: Assets/TextMesh Pro/Resources/Fonts & Materials/LiberationSans SDF.asset
  artifactKey: Guid(8f586378b4e144a9851e7b34d9b748ee) Importer(815301076,1909f56bfc062723c751e8b465ee728b)
Start importing Assets/TextMesh Pro/Resources/Fonts & Materials/LiberationSans SDF.asset using Guid(8f586378b4e144a9851e7b34d9b748ee) Importer(815301076,1909f56bfc062723c751e8b465ee728b)  -> (artifact id: 'a30946d085480d919068c6ed7c8aa2aa') in 0.138897 seconds
  Import took 0.144514 seconds .

========================================================================
Received Import Request.
  Time since last request: 0.010086 seconds.
  path: Assets/TextMesh Pro/Resources/Style Sheets/Default Style Sheet.asset
  artifactKey: Guid(f952c082cb03451daed3ee968ac6c63e) Importer(815301076,1909f56bfc062723c751e8b465ee728b)
Start importing Assets/TextMesh Pro/Resources/Style Sheets/Default Style Sheet.asset using Guid(f952c082cb03451daed3ee968ac6c63e) Importer(815301076,1909f56bfc062723c751e8b465ee728b)  -> (artifact id: 'c154afcf89942cb1474032e63db674cb') in 0.010997 seconds
  Import took 0.016446 seconds .

========================================================================
Received Import Request.
  Time since last request: 0.060769 seconds.
  path: Assets/textures/Default_OBJ_baseColor_0.png
  artifactKey: Guid(a72e58c6971eaf64983c789eaea9f2a8) Importer(815301076,1909f56bfc062723c751e8b465ee728b)
Start importing Assets/textures/Default_OBJ_baseColor_0.png using Guid(a72e58c6971eaf64983c789eaea9f2a8) Importer(815301076,1909f56bfc062723c751e8b465ee728b)  -> (artifact id: '850396bead6b93e64136ca26c1025ad5') in 0.205535 seconds
  Import took 0.212981 seconds .

========================================================================
Received Import Request.
  Time since last request: 0.040524 seconds.
  path: Assets/Scenes/Room 14Settings.lighting
  artifactKey: Guid(6342edbfb9484554c9bfc112639272c0) Importer(815301076,1909f56bfc062723c751e8b465ee728b)
Start importing Assets/Scenes/Room 14Settings.lighting using Guid(6342edbfb9484554c9bfc112639272c0) Importer(815301076,1909f56bfc062723c751e8b465ee728b)  -> (artifact id: 'bda8d99e9359568b1f080dc66b844c53') in 0.011457 seconds
  Import took 0.016994 seconds .

========================================================================
Received Import Request.
  Time since last request: 0.009421 seconds.
  path: Assets/Resources/User Preferences.asset
  artifactKey: Guid(216056789f2a674488c01ca118205685) Importer(815301076,1909f56bfc062723c751e8b465ee728b)
Start importing Assets/Resources/User Preferences.asset using Guid(216056789f2a674488c01ca118205685) Importer(815301076,1909f56bfc062723c751e8b465ee728b)  -> (artifact id: '539d3810c84ca06429ab928becfa17c2') in 0.009145 seconds
  Import took 0.015580 seconds .

========================================================================
Received Import Request.
  Time since last request: 0.017149 seconds.
  path: Assets/TextMesh Pro/Resources/Shaders/TMPro.cginc
  artifactKey: Guid(407bc68d299748449bbf7f48ee690f8d) Importer(815301076,1909f56bfc062723c751e8b465ee728b)
Start importing Assets/TextMesh Pro/Resources/Shaders/TMPro.cginc using Guid(407bc68d299748449bbf7f48ee690f8d) Importer(815301076,1909f56bfc062723c751e8b465ee728b)  -> (artifact id: '89c1b1c3a3b3fe1738c2c5e4e87aae64') in 0.009164 seconds
  Import took 0.014520 seconds .

========================================================================
Received Import Request.
  Time since last request: 0.003308 seconds.
  path: Assets/VR180 Hemisphere/Materials/Materials/Ocelot.mat
  artifactKey: Guid(6fbf12388d251a740b6b8172cc131224) Importer(815301076,1909f56bfc062723c751e8b465ee728b)
Start importing Assets/VR180 Hemisphere/Materials/Materials/Ocelot.mat using Guid(6fbf12388d251a740b6b8172cc131224) Importer(815301076,1909f56bfc062723c751e8b465ee728b)  -> (artifact id: '2e7df4d9b3576c34ee2f7521baf5c592') in 0.019036 seconds
  Import took 0.024808 seconds .

========================================================================
Received Import Request.
  Time since last request: 0.015021 seconds.
  path: Assets/Import/Mosaic_Room_29._Villa_Romana_del_Casale,_Sicily/meshes/_0_0.asset
  artifactKey: Guid(55e68ac66d0edab4988f3e48712a621a) Importer(815301076,1909f56bfc062723c751e8b465ee728b)
Start importing Assets/Import/Mosaic_Room_29._Villa_Romana_del_Casale,_Sicily/meshes/_0_0.asset using Guid(55e68ac66d0edab4988f3e48712a621a) Importer(815301076,1909f56bfc062723c751e8b465ee728b)  -> (artifact id: '754e218a3601416bde9ec921a757be10') in 0.090228 seconds
  Import took 0.096005 seconds .

========================================================================
Received Import Request.
  Time since last request: 0.019274 seconds.
  path: Assets/TextMesh Pro/Fonts/LiberationSans - OFL.txt
  artifactKey: Guid(6e59c59b81ab47f9b6ec5781fa725d2c) Importer(815301076,1909f56bfc062723c751e8b465ee728b)
Start importing Assets/TextMesh Pro/Fonts/LiberationSans - OFL.txt using Guid(6e59c59b81ab47f9b6ec5781fa725d2c) Importer(815301076,1909f56bfc062723c751e8b465ee728b)  -> (artifact id: '2c09673cc8e68e28dd82a7402f7d207a') in 0.010962 seconds
  Import took 0.019473 seconds .

========================================================================
Received Import Request.
  Time since last request: 0.013112 seconds.
  path: Assets/VR180 Hemisphere/Materials/Poster Inset.mat
  artifactKey: Guid(c4cda049a332364488670f3327d03ed1) Importer(815301076,1909f56bfc062723c751e8b465ee728b)
Start importing Assets/VR180 Hemisphere/Materials/Poster Inset.mat using Guid(c4cda049a332364488670f3327d03ed1) Importer(815301076,1909f56bfc062723c751e8b465ee728b)  -> (artifact id: '5473177777d31a904007c4742c990217') in 0.020904 seconds
  Import took 0.027014 seconds .

========================================================================
Received Import Request.
  Time since last request: 0.011173 seconds.
  path: Assets/XR/Loaders/Oculus Loader.asset
  artifactKey: Guid(47965d13dab05a94b95e87bb40e63403) Importer(815301076,1909f56bfc062723c751e8b465ee728b)
Start importing Assets/XR/Loaders/Oculus Loader.asset using Guid(47965d13dab05a94b95e87bb40e63403) Importer(815301076,1909f56bfc062723c751e8b465ee728b)  -> (artifact id: '5f96e5a72d31d3b8cf3c5e2b8efb5f57') in 0.009969 seconds
  Import took 0.016681 seconds .

========================================================================
Received Import Request.
  Time since last request: 0.018830 seconds.
  path: Assets/TextMesh Pro/Resources/Shaders/TMP_SDF-Mobile Masking.shader
  artifactKey: Guid(bc1ede39bf3643ee8e493720e4259791) Importer(815301076,1909f56bfc062723c751e8b465ee728b)
Start importing Assets/TextMesh Pro/Resources/Shaders/TMP_SDF-Mobile Masking.shader using Guid(bc1ede39bf3643ee8e493720e4259791) Importer(815301076,1909f56bfc062723c751e8b465ee728b)  -> (artifact id: 'a3d7cc63bfefa7a5da4708e5bb01b707') in 0.010079 seconds
  Import took 0.016090 seconds .

========================================================================
Received Import Request.
  Time since last request: 0.010138 seconds.
  path: Assets/TextMesh Pro/Resources/Sprite Assets/EmojiOne.asset
  artifactKey: Guid(c41005c129ba4d66911b75229fd70b45) Importer(815301076,1909f56bfc062723c751e8b465ee728b)
Start importing Assets/TextMesh Pro/Resources/Sprite Assets/EmojiOne.asset using Guid(c41005c129ba4d66911b75229fd70b45) Importer(815301076,1909f56bfc062723c751e8b465ee728b)  -> (artifact id: '781d270baa2e086e8d0179bcfa71d10f') in 0.011073 seconds
  Import took 0.016389 seconds .

========================================================================
Received Import Request.
  Time since last request: 0.003198 seconds.
  path: Assets/VR180 Hemisphere/Materials/Materials/m_RestaurantWalls_baseColor_16.mat
  artifactKey: Guid(b5d5811eed8f2bc4ba751a2c206fafe4) Importer(815301076,1909f56bfc062723c751e8b465ee728b)
Start importing Assets/VR180 Hemisphere/Materials/Materials/m_RestaurantWalls_baseColor_16.mat using Guid(b5d5811eed8f2bc4ba751a2c206fafe4) Importer(815301076,1909f56bfc062723c751e8b465ee728b)  -> (artifact id: 'bdc6dee6fcd247ecaba7c1dbe4fc2a9b') in 0.019935 seconds
  Import took 0.025664 seconds .

========================================================================
Received Import Request.
  Time since last request: 0.003866 seconds.
  path: Assets/Import/Mosaic_Room_29._Villa_Romana_del_Casale,_Sicily/materials/Default_OBJ_0.mat
  artifactKey: Guid(1c371906b74d79f46aafe0deda49586c) Importer(815301076,1909f56bfc062723c751e8b465ee728b)
Start importing Assets/Import/Mosaic_Room_29._Villa_Romana_del_Casale,_Sicily/materials/Default_OBJ_0.mat using Guid(1c371906b74d79f46aafe0deda49586c) Importer(815301076,1909f56bfc062723c751e8b465ee728b)  -> (artifact id: '458564b11fdd893198cc6495deed482e') in 0.201868 seconds
  Import took 0.207637 seconds .

========================================================================
Received Import Request.
  Time since last request: 0.011199 seconds.
  path: Assets/Scenes/SampleScene.unity
  artifactKey: Guid(9fc0d4010bbf28b4594072e72b8655ab) Importer(815301076,1909f56bfc062723c751e8b465ee728b)
Start importing Assets/Scenes/SampleScene.unity using Guid(9fc0d4010bbf28b4594072e72b8655ab) Importer(815301076,1909f56bfc062723c751e8b465ee728b)  -> (artifact id: 'f75e9b6199621b7dd412c0ba446a3364') in 0.008746 seconds
  Import took 0.014176 seconds .

========================================================================
Received Import Request.
  Time since last request: 0.008994 seconds.
  path: Assets/TextMesh Pro/Resources/Shaders/TMP_Sprite.shader
  artifactKey: Guid(cf81c85f95fe47e1a27f6ae460cf182c) Importer(815301076,1909f56bfc062723c751e8b465ee728b)
Start importing Assets/TextMesh Pro/Resources/Shaders/TMP_Sprite.shader using Guid(cf81c85f95fe47e1a27f6ae460cf182c) Importer(815301076,1909f56bfc062723c751e8b465ee728b)  -> (artifact id: '36fa14188badd7cae0cfb1ae2717ea61') in 0.009076 seconds
  Import took 0.014511 seconds .

========================================================================
Received Import Request.
  Time since last request: 0.023090 seconds.
  path: Assets/TextMesh Pro/Sprites/EmojiOne Attribution.txt
  artifactKey: Guid(381dcb09d5029d14897e55f98031fca5) Importer(815301076,1909f56bfc062723c751e8b465ee728b)
Start importing Assets/TextMesh Pro/Sprites/EmojiOne Attribution.txt using Guid(381dcb09d5029d14897e55f98031fca5) Importer(815301076,1909f56bfc062723c751e8b465ee728b)  -> (artifact id: '4de4ed13aebcc3c2f0b84b4bcd8e3e29') in 0.009395 seconds
  Import took 0.015097 seconds .

========================================================================
Received Import Request.
  Time since last request: 0.003888 seconds.
  path: Assets/TextMesh Pro/Resources/Fonts & Materials/LiberationSans SDF - Fallback.asset
  artifactKey: Guid(2e498d1c8094910479dc3e1b768306a4) Importer(815301076,1909f56bfc062723c751e8b465ee728b)
Start importing Assets/TextMesh Pro/Resources/Fonts & Materials/LiberationSans SDF - Fallback.asset using Guid(2e498d1c8094910479dc3e1b768306a4) Importer(815301076,1909f56bfc062723c751e8b465ee728b)  -> (artifact id: '5d75e4fe6a3362399ca860d995ec128a') in 0.019471 seconds
  Import took 0.025116 seconds .

========================================================================
Received Import Request.
  Time since last request: 0.020468 seconds.
  path: Assets/TextMesh Pro/Resources/Shaders/TMP_SDF-Surface.shader
  artifactKey: Guid(f7ada0af4f174f0694ca6a487b8f543d) Importer(815301076,1909f56bfc062723c751e8b465ee728b)
Start importing Assets/TextMesh Pro/Resources/Shaders/TMP_SDF-Surface.shader using Guid(f7ada0af4f174f0694ca6a487b8f543d) Importer(815301076,1909f56bfc062723c751e8b465ee728b)  -> (artifact id: '60ccda7f5af1deac28531418c681b1d1') in 0.011270 seconds
  Import took 0.016769 seconds .

========================================================================
Received Import Request.
  Time since last request: 0.003475 seconds.
  path: Assets/TextMesh Pro/Resources/Fonts & Materials/LiberationSans SDF - Outline.mat
  artifactKey: Guid(79459efec17a4d00a321bdcc27bbc385) Importer(815301076,1909f56bfc062723c751e8b465ee728b)
Start importing Assets/TextMesh Pro/Resources/Fonts & Materials/LiberationSans SDF - Outline.mat using Guid(79459efec17a4d00a321bdcc27bbc385) Importer(815301076,1909f56bfc062723c751e8b465ee728b)  -> (artifact id: '0b282edf54900dd637e151d0e7cfc989') in 0.099589 seconds
  Import took 0.105613 seconds .

========================================================================
Received Import Request.
  Time since last request: 0.021554 seconds.
  path: Assets/VR180 Hemisphere/Materials/BackToPeristyle.PNG
  artifactKey: Guid(f079217ce29068e48844aa4607f6f337) Importer(815301076,1909f56bfc062723c751e8b465ee728b)
Start importing Assets/VR180 Hemisphere/Materials/BackToPeristyle.PNG using Guid(f079217ce29068e48844aa4607f6f337) Importer(815301076,1909f56bfc062723c751e8b465ee728b)  -> (artifact id: '1cd6c82af8f5b0147a473dd3bca97b32') in 0.014918 seconds
  Import took 0.021669 seconds .

========================================================================
Received Import Request.
  Time since last request: 0.046736 seconds.
  path: Assets/VR180 Hemisphere/Materials/Poster Back.mat
  artifactKey: Guid(041e93abea20eac4aa728b4152565ccb) Importer(815301076,1909f56bfc062723c751e8b465ee728b)
Start importing Assets/VR180 Hemisphere/Materials/Poster Back.mat using Guid(041e93abea20eac4aa728b4152565ccb) Importer(815301076,1909f56bfc062723c751e8b465ee728b)  -> (artifact id: '8d30c4f75aa8a7a01811b3ede9cf6415') in 0.016040 seconds
  Import took 0.021769 seconds .

========================================================================
Received Import Request.
  Time since last request: 0.004545 seconds.
  path: Assets/VR180 Hemisphere/Materials/Holes.PNG
  artifactKey: Guid(a8e7d55d12579e645b98dcb840f5e058) Importer(815301076,1909f56bfc062723c751e8b465ee728b)
Start importing Assets/VR180 Hemisphere/Materials/Holes.PNG using Guid(a8e7d55d12579e645b98dcb840f5e058) Importer(815301076,1909f56bfc062723c751e8b465ee728b)  -> (artifact id: '923aad242120876d980df2e55775ddb6') in 0.017697 seconds
  Import took 0.023477 seconds .

========================================================================
Received Import Request.
  Time since last request: 0.020161 seconds.
  path: Assets/TextMesh Pro/Resources/Shaders/TMP_SDF Overlay.shader
  artifactKey: Guid(dd89cf5b9246416f84610a006f916af7) Importer(815301076,1909f56bfc062723c751e8b465ee728b)
Start importing Assets/TextMesh Pro/Resources/Shaders/TMP_SDF Overlay.shader using Guid(dd89cf5b9246416f84610a006f916af7) Importer(815301076,1909f56bfc062723c751e8b465ee728b)  -> (artifact id: '6293cec2cd3e536bfc287b8a04c2f5b2') in 0.010742 seconds
  Import took 0.017166 seconds .

========================================================================
Received Import Request.
  Time since last request: 0.004944 seconds.
  path: Assets/TextMesh Pro/Sprites/EmojiOne.png
  artifactKey: Guid(dffef66376be4fa480fb02b19edbe903) Importer(815301076,1909f56bfc062723c751e8b465ee728b)
Start importing Assets/TextMesh Pro/Sprites/EmojiOne.png using Guid(dffef66376be4fa480fb02b19edbe903) Importer(815301076,1909f56bfc062723c751e8b465ee728b)  -> (artifact id: '57e7121d941900993519dcda11f1e750') in 0.016209 seconds
  Import took 0.022338 seconds .

========================================================================
Received Import Request.
  Time since last request: 0.024175 seconds.
  path: Assets/Import/Mosaic_Room_29._Villa_Romana_del_Casale,_Sicily/meshes/_1_0.asset
  artifactKey: Guid(8c7e8037ea36c894bb9e84cfdb5a75fd) Importer(815301076,1909f56bfc062723c751e8b465ee728b)
Start importing Assets/Import/Mosaic_Room_29._Villa_Romana_del_Casale,_Sicily/meshes/_1_0.asset using Guid(8c7e8037ea36c894bb9e84cfdb5a75fd) Importer(815301076,1909f56bfc062723c751e8b465ee728b)  -> (artifact id: '96880cbb3b21c49c43c07cc3a2f680b9') in 0.093966 seconds
  Import took 0.099751 seconds .

========================================================================
Received Import Request.
  Time since last request: 0.004222 seconds.
  path: Assets/Scenes/Room 14.unity
  artifactKey: Guid(d1a9e035127839e408447ced5dc6cdf1) Importer(815301076,1909f56bfc062723c751e8b465ee728b)
Start importing Assets/Scenes/Room 14.unity using Guid(d1a9e035127839e408447ced5dc6cdf1) Importer(815301076,1909f56bfc062723c751e8b465ee728b)  -> (artifact id: 'abfa9fc88fdcd0ff901f9f75794f3a47') in 0.008593 seconds
  Import took 0.014845 seconds .

========================================================================
Received Import Request.
  Time since last request: 0.003514 seconds.
  path: Assets/VR180 Hemisphere/Materials/Peristyle.mat
  artifactKey: Guid(3886b6aac94326540bb0152a1a5caa72) Importer(815301076,1909f56bfc062723c751e8b465ee728b)
Start importing Assets/VR180 Hemisphere/Materials/Peristyle.mat using Guid(3886b6aac94326540bb0152a1a5caa72) Importer(815301076,1909f56bfc062723c751e8b465ee728b)  -> (artifact id: 'ecda67e5d3481f523c000821533883bb') in 0.018506 seconds
  Import took 0.024324 seconds .

========================================================================
Received Import Request.
  Time since last request: 0.006247 seconds.
  path: Assets/VR180 Hemisphere/Models/360Sphere.FBX
  artifactKey: Guid(85bc0be262fffa34bbec26b7b34f2dcb) Importer(815301076,1909f56bfc062723c751e8b465ee728b)
Start importing Assets/VR180 Hemisphere/Models/360Sphere.FBX using Guid(85bc0be262fffa34bbec26b7b34f2dcb) Importer(815301076,1909f56bfc062723c751e8b465ee728b)  -> (artifact id: 'a3d5be3f238c21e0ca512914f3da37bd') in 0.028896 seconds
  Import took 0.035359 seconds .

========================================================================
Received Import Request.
  Time since last request: 0.006055 seconds.
  path: Assets/VR180 Hemisphere/Materials/20210219154742_1_vr.jpg
  artifactKey: Guid(c4d10628bf51636458ee0e16d98815ec) Importer(815301076,1909f56bfc062723c751e8b465ee728b)
Start importing Assets/VR180 Hemisphere/Materials/20210219154742_1_vr.jpg using Guid(c4d10628bf51636458ee0e16d98815ec) Importer(815301076,1909f56bfc062723c751e8b465ee728b)  -> (artifact id: 'b1f3d9291b733ca707ab85f2ca759645') in 0.017472 seconds
  Import took 0.023384 seconds .

========================================================================
Received Import Request.
  Time since last request: 0.071108 seconds.
  path: Assets/Import/Mosaic_Room_14,_Villa_Romana_del_Casale,_Sicily/textures/Default_OBJ_normal_1.png
  artifactKey: Guid(c09ddea49e3116244b23613affc544bd) Importer(815301076,1909f56bfc062723c751e8b465ee728b)
Start importing Assets/Import/Mosaic_Room_14,_Villa_Romana_del_Casale,_Sicily/textures/Default_OBJ_normal_1.png using Guid(c09ddea49e3116244b23613affc544bd) Importer(815301076,1909f56bfc062723c751e8b465ee728b)  -> (artifact id: 'feae28996a33da0411955a042f981eb2') in 0.016875 seconds
  Import took 0.022262 seconds .

========================================================================
Received Import Request.
  Time since last request: 0.018677 seconds.
  path: Assets/TextMesh Pro/Resources/TMP Settings.asset
  artifactKey: Guid(3f5b5dff67a942289a9defa416b206f3) Importer(815301076,1909f56bfc062723c751e8b465ee728b)
Start importing Assets/TextMesh Pro/Resources/TMP Settings.asset using Guid(3f5b5dff67a942289a9defa416b206f3) Importer(815301076,1909f56bfc062723c751e8b465ee728b)  -> (artifact id: '102936caf486fd7e9107c57f6334556e') in 0.039313 seconds
  Import took 0.045486 seconds .

========================================================================
Received Import Request.
  Time since last request: 0.017292 seconds.
  path: Assets/Scenes/(Rename Me)SampleScene.unity
  artifactKey: Guid(99c9720ab356a0642a771bea13969a05) Importer(815301076,1909f56bfc062723c751e8b465ee728b)
Start importing Assets/Scenes/(Rename Me)SampleScene.unity using Guid(99c9720ab356a0642a771bea13969a05) Importer(815301076,1909f56bfc062723c751e8b465ee728b)  -> (artifact id: 'dabcfd38782de67c0416facaf8c39f6d') in 0.010929 seconds
  Import took 0.017040 seconds .

========================================================================
Received Import Request.
  Time since last request: 0.028451 seconds.
  path: Assets/VR180 Hemisphere/Materials/Room30_vr.jpg
  artifactKey: Guid(071005bf008238e4991b71d04440b77c) Importer(815301076,1909f56bfc062723c751e8b465ee728b)
Start importing Assets/VR180 Hemisphere/Materials/Room30_vr.jpg using Guid(071005bf008238e4991b71d04440b77c) Importer(815301076,1909f56bfc062723c751e8b465ee728b)  -> (artifact id: 'c957626b5f807780e8a766e201f4f0f6') in 0.040747 seconds
  Import took 0.046509 seconds .

========================================================================
Received Import Request.
  Time since last request: 0.105167 seconds.
  path: Assets/TextMesh Pro/Documentation/TextMesh Pro User Guide 2016.pdf
  artifactKey: Guid(1b8d251f9af63b746bf2f7ffe00ebb9b) Importer(815301076,1909f56bfc062723c751e8b465ee728b)
Start importing Assets/TextMesh Pro/Documentation/TextMesh Pro User Guide 2016.pdf using Guid(1b8d251f9af63b746bf2f7ffe00ebb9b) Importer(815301076,1909f56bfc062723c751e8b465ee728b)  -> (artifact id: '0b257fba98268b0b6e52fbe1fbbd1cc8') in 0.015385 seconds
  Import took 0.020798 seconds .

========================================================================
Received Import Request.
  Time since last request: 0.035756 seconds.
  path: Assets/Import/Mosaic_Room_14,_Villa_Romana_del_Casale,_Sicily/textures/Default_OBJ_baseColor_0.png
  artifactKey: Guid(2cf0b0f638c37c446a879363be3820f9) Importer(815301076,1909f56bfc062723c751e8b465ee728b)
Start importing Assets/Import/Mosaic_Room_14,_Villa_Romana_del_Casale,_Sicily/textures/Default_OBJ_baseColor_0.png using Guid(2cf0b0f638c37c446a879363be3820f9) Importer(815301076,1909f56bfc062723c751e8b465ee728b)  -> (artifact id: '75fc882f13a5cf9f2146cd4ba3fb9e77') in 0.195163 seconds
  Import took 0.200847 seconds .

========================================================================
Received Import Request.
  Time since last request: 0.016717 seconds.
  path: Assets/Import/Mosaic_Room_14,_Villa_Romana_del_Casale,_Sicily/Mosaic_Room_14,_Villa_Romana_del_Casale,_Sicily.prefab
  artifactKey: Guid(26c6c77e9b86247408a397064db44db7) Importer(815301076,1909f56bfc062723c751e8b465ee728b)
Start importing Assets/Import/Mosaic_Room_14,_Villa_Romana_del_Casale,_Sicily/Mosaic_Room_14,_Villa_Romana_del_Casale,_Sicily.prefab using Guid(26c6c77e9b86247408a397064db44db7) Importer(815301076,1909f56bfc062723c751e8b465ee728b)  -> (artifact id: 'ead385ca4950e3eb3d5d53842eeef6ee') in 0.327832 seconds
  Import took 0.334199 seconds .

========================================================================
Received Import Request.
  Time since last request: 0.004170 seconds.
  path: Assets/Import/Mosaic_Room_14,_Villa_Romana_del_Casale,_Sicily/materials/Default_OBJ_0.mat
  artifactKey: Guid(c4d17d5ad66b20448826c7fe821b364c) Importer(815301076,1909f56bfc062723c751e8b465ee728b)
Start importing Assets/Import/Mosaic_Room_14,_Villa_Romana_del_Casale,_Sicily/materials/Default_OBJ_0.mat using Guid(c4d17d5ad66b20448826c7fe821b364c) Importer(815301076,1909f56bfc062723c751e8b465ee728b)  -> (artifact id: '97cb5349a62f0eb50b891913afc55ab9') in 0.194892 seconds
  Import took 0.200938 seconds .

========================================================================
Received Import Request.
  Time since last request: 0.006040 seconds.
  path: Assets/VR180 Hemisphere/Materials/Wide2.PNG
  artifactKey: Guid(71124b1110766f243a0b87c96052db5f) Importer(815301076,1909f56bfc062723c751e8b465ee728b)
Start importing Assets/VR180 Hemisphere/Materials/Wide2.PNG using Guid(71124b1110766f243a0b87c96052db5f) Importer(815301076,1909f56bfc062723c751e8b465ee728b)  -> (artifact id: 'bba35966f3f5d6be69fc7b74e4377a68') in 0.015867 seconds
  Import took 0.021907 seconds .

========================================================================
Received Import Request.
  Time since last request: 0.017409 seconds.
  path: Assets/TextMesh Pro/Resources/Shaders/TMP_Bitmap-Mobile.shader
  artifactKey: Guid(1e3b057af24249748ff873be7fafee47) Importer(815301076,1909f56bfc062723c751e8b465ee728b)
Start importing Assets/TextMesh Pro/Resources/Shaders/TMP_Bitmap-Mobile.shader using Guid(1e3b057af24249748ff873be7fafee47) Importer(815301076,1909f56bfc062723c751e8b465ee728b)  -> (artifact id: '8ba0a4ec9b52566b3fc1adcc1b8bac27') in 0.011350 seconds
  Import took 0.016993 seconds .

========================================================================
Received Import Request.
  Time since last request: 0.011066 seconds.
  path: Assets/TextMesh Pro/Resources/Shaders/TMP_SDF-Mobile Overlay.shader
  artifactKey: Guid(a02a7d8c237544f1962732b55a9aebf1) Importer(815301076,1909f56bfc062723c751e8b465ee728b)
Start importing Assets/TextMesh Pro/Resources/Shaders/TMP_SDF-Mobile Overlay.shader using Guid(a02a7d8c237544f1962732b55a9aebf1) Importer(815301076,1909f56bfc062723c751e8b465ee728b)  -> (artifact id: 'b8d32a4105194698a30bac1842459152') in 0.008228 seconds
  Import took 0.013652 seconds .

========================================================================
Received Import Request.
  Time since last request: 0.022756 seconds.
  path: Assets/VR180 Hemisphere/Materials/CaptureOut.PNG
  artifactKey: Guid(c7a7f899f7b9cef4383a62990430e0b7) Importer(815301076,1909f56bfc062723c751e8b465ee728b)
Start importing Assets/VR180 Hemisphere/Materials/CaptureOut.PNG using Guid(c7a7f899f7b9cef4383a62990430e0b7) Importer(815301076,1909f56bfc062723c751e8b465ee728b)  -> (artifact id: '4efc8e48491752508dba831c10221e56') in 0.020162 seconds
  Import took 0.025797 seconds .

========================================================================
Received Import Request.
  Time since last request: 0.040025 seconds.
  path: Assets/TextMesh Pro/Resources/LineBreaking Leading Characters.txt
  artifactKey: Guid(d82c1b31c7e74239bff1220585707d2b) Importer(815301076,1909f56bfc062723c751e8b465ee728b)
Start importing Assets/TextMesh Pro/Resources/LineBreaking Leading Characters.txt using Guid(d82c1b31c7e74239bff1220585707d2b) Importer(815301076,1909f56bfc062723c751e8b465ee728b)  -> (artifact id: 'f93df74785025ce3050f6b63ae013149') in 0.008817 seconds
  Import took 0.014455 seconds .

========================================================================
Received Import Request.
  Time since last request: 0.003988 seconds.
  path: Assets/VR180 Hemisphere/Materials/Floor.PNG
  artifactKey: Guid(e17e072bcdf14fb418cc6b7462c0b52a) Importer(815301076,1909f56bfc062723c751e8b465ee728b)
Start importing Assets/VR180 Hemisphere/Materials/Floor.PNG using Guid(e17e072bcdf14fb418cc6b7462c0b52a) Importer(815301076,1909f56bfc062723c751e8b465ee728b)  -> (artifact id: 'a072592cf6f70f715d1e0260d568e605') in 0.015393 seconds
  Import took 0.021607 seconds .

========================================================================
Received Import Request.
  Time since last request: 0.011442 seconds.
  path: Assets/TextMesh Pro/Fonts/LiberationSans.ttf
  artifactKey: Guid(e3265ab4bf004d28a9537516768c1c75) Importer(815301076,1909f56bfc062723c751e8b465ee728b)
Start importing Assets/TextMesh Pro/Fonts/LiberationSans.ttf using Guid(e3265ab4bf004d28a9537516768c1c75) Importer(815301076,1909f56bfc062723c751e8b465ee728b)  -> (artifact id: '2db2d54d198dafe53e98b7340ffb3899') in 0.022160 seconds
  Import took 0.027682 seconds .

AssetImportWorkerClient::OnTransportError - code=2 error=End of file
